Property "veracode.action" has not been set
Property "veracode.vid" has not been set
Property "veracode.vkey" has not been set
Property "veracode.criticality" has not been set
Property "veracode.createprofile" has not been set
Property "veracode.appname" has not been set
Property "veracode.filepath" has not been set
     [java] Executing '/usr/lib/jvm/java-11-openjdk-amd64/bin/java' with arguments:
'-jar'
'/mnt/c/Users/Peter/GitCrackin/verademo/VeracodeJavaAPI.jar'
'-action'
'${veracode.action}'
'-vid'
'${veracode.vid}'
'-vkey'
'${veracode.vkey}'
'-criticality'
'${veracode.criticality}'
'-createprofile'
'${veracode.createprofile}'
'-version'
'20220212-194658994'
'-appname'
'${veracode.appname}'
'-filepath'
'${veracode.filepath}'

The ' characters around the executable and arguments are
not part of the command.
     [java] Error: Unable to access jarfile /mnt/c/Users/Peter/GitCrackin/verademo/VeracodeJavaAPI.jar
     [java] Java Result: 1
UploadAndScan:  duration 0 seconds
